{"/Users/corinanimatujhuitz/Documents/capacitacion/contact-keeper/src/app.ts": {"path":"/Users/corinanimatujhuitz/Documents/capacitacion/contact-keeper/src/app.ts","statementMap":{"0":{"start":{"line":1,"column":0},"end":{"line":1,"column":30}},"1":{"start":{"line":2,"column":0},"end":{"line":2,"column":24}},"2":{"start":{"line":3,"column":0},"end":{"line":3,"column":37}},"3":{"start":{"line":4,"column":0},"end":{"line":4,"column":28}},"4":{"start":{"line":5,"column":0},"end":{"line":5,"column":30}},"5":{"start":{"line":8,"column":12},"end":{"line":8,"column":21}},"6":{"start":{"line":9,"column":0},"end":{"line":9,"column":18}},"7":{"start":{"line":10,"column":0},"end":{"line":10,"column":27}},"8":{"start":{"line":11,"column":0},"end":{"line":11,"column":49}},"9":{"start":{"line":12,"column":0},"end":{"line":12,"column":16}},"10":{"start":{"line":13,"column":0},"end":{"line":13,"column":24}},"11":{"start":{"line":16,"column":0},"end":{"line":16,"column":12}},"12":{"start":{"line":18,"column":0},"end":{"line":18,"column":19}}},"fnMap":{},"branchMap":{},"s":{"0":4,"1":4,"2":4,"3":4,"4":4,"5":4,"6":4,"7":4,"8":4,"9":4,"10":4,"11":4,"12":4},"f":{},"b":{}}
,"/Users/corinanimatujhuitz/Documents/capacitacion/contact-keeper/src/error.ts": {"path":"/Users/corinanimatujhuitz/Documents/capacitacion/contact-keeper/src/error.ts","statementMap":{"0":{"start":{"line":2,"column":0},"end":{"line":2,"column":53}},"1":{"start":{"line":8,"column":2},"end":{"line":8,"column":10}},"2":{"start":{"line":6,"column":1},"end":{"line":6,"column":16}},"3":{"start":{"line":9,"column":2},"end":{"line":9,"column":31}},"4":{"start":{"line":10,"column":2},"end":{"line":10,"column":25}},"5":{"start":{"line":5,"column":0},"end":{"line":5,"column":13}},"6":{"start":{"line":15,"column":13},"end":{"line":28,"column":null}},"7":{"start":{"line":20,"column":31},"end":{"line":20,"column":34}},"8":{"start":{"line":21,"column":16},"end":{"line":21,"column":37}},"9":{"start":{"line":22,"column":1},"end":{"line":27,"column":5}}},"fnMap":{"0":{"name":"(anonymous_0)","decl":{"start":{"line":7,"column":1},"end":{"line":7,"column":13}},"loc":{"start":{"line":7,"column":48},"end":{"line":11,"column":2}}},"1":{"name":"(anonymous_1)","decl":{"start":{"line":15,"column":27},"end":{"line":15,"column":null}},"loc":{"start":{"line":18,"column":22},"end":{"line":28,"column":1}}}},"branchMap":{"0":{"loc":{"start":{"line":26,"column":32},"end":{"line":26,"column":46}},"type":"cond-expr","locations":[{"start":{"line":26,"column":32},"end":{"line":26,"column":46}},{"start":{"line":26,"column":49},"end":{"line":26,"column":53}}]}},"s":{"0":4,"1":6,"2":6,"3":6,"4":6,"5":4,"6":4,"7":6,"8":6,"9":6},"f":{"0":6,"1":6},"b":{"0":[1,5]}}
,"/Users/corinanimatujhuitz/Documents/capacitacion/contact-keeper/src/routes.ts": {"path":"/Users/corinanimatujhuitz/Documents/capacitacion/contact-keeper/src/routes.ts","statementMap":{"0":{"start":{"line":2,"column":0},"end":{"line":2,"column":64}},"1":{"start":{"line":3,"column":0},"end":{"line":3,"column":60}},"2":{"start":{"line":4,"column":0},"end":{"line":4,"column":60}},"3":{"start":{"line":5,"column":0},"end":{"line":5,"column":66}},"4":{"start":{"line":7,"column":15},"end":{"line":13,"column":1}},"5":{"start":{"line":8,"column":1},"end":{"line":8,"column":42}},"6":{"start":{"line":9,"column":1},"end":{"line":9,"column":38}},"7":{"start":{"line":10,"column":1},"end":{"line":10,"column":38}},"8":{"start":{"line":11,"column":1},"end":{"line":11,"column":44}},"9":{"start":{"line":16,"column":0},"end":{"line":16,"column":22}}},"fnMap":{"0":{"name":"(anonymous_1)","decl":{"start":{"line":7,"column":15},"end":{"line":7,"column":16}},"loc":{"start":{"line":7,"column":39},"end":{"line":13,"column":1}}}},"branchMap":{},"s":{"0":4,"1":4,"2":4,"3":4,"4":4,"5":4,"6":4,"7":4,"8":4,"9":4},"f":{"0":4},"b":{}}
,"/Users/corinanimatujhuitz/Documents/capacitacion/contact-keeper/src/controllers/auth.controller.ts": {"path":"/Users/corinanimatujhuitz/Documents/capacitacion/contact-keeper/src/controllers/auth.controller.ts","statementMap":{"0":{"start":{"line":1,"column":0},"end":{"line":1,"column":50}},"1":{"start":{"line":2,"column":0},"end":{"line":2,"column":30}},"2":{"start":{"line":3,"column":0},"end":{"line":3,"column":31}},"3":{"start":{"line":6,"column":0},"end":{"line":6,"column":28}},"4":{"start":{"line":7,"column":0},"end":{"line":7,"column":34}},"5":{"start":{"line":9,"column":0},"end":{"line":9,"column":53}},"6":{"start":{"line":10,"column":0},"end":{"line":10,"column":75}},"7":{"start":{"line":11,"column":0},"end":{"line":11,"column":58}},"8":{"start":{"line":13,"column":15},"end":{"line":13,"column":23}},"9":{"start":{"line":15,"column":0},"end":{"line":50,"column":null}},"10":{"start":{"line":15,"column":88},"end":{"line":50,"column":2}},"11":{"start":{"line":16,"column":27},"end":{"line":16,"column":35}},"12":{"start":{"line":17,"column":1},"end":{"line":49,"column":null}},"13":{"start":{"line":19,"column":13},"end":{"line":19,"column":40}},"14":{"start":{"line":20,"column":2},"end":{"line":43,"column":null}},"15":{"start":{"line":21,"column":19},"end":{"line":21,"column":64}},"16":{"start":{"line":22,"column":3},"end":{"line":25,"column":null}},"17":{"start":{"line":23,"column":19},"end":{"line":23,"column":63}},"18":{"start":{"line":24,"column":4},"end":{"line":24,"column":34}},"19":{"start":{"line":27,"column":19},"end":{"line":31,"column":null}},"20":{"start":{"line":33,"column":3},"end":{"line":38,"column":6}},"21":{"start":{"line":34,"column":4},"end":{"line":34,"column":22}},"22":{"start":{"line":34,"column":12},"end":{"line":34,"column":22}},"23":{"start":{"line":35,"column":4},"end":{"line":35,"column":20}},"24":{"start":{"line":36,"column":4},"end":{"line":36,"column":22}},"25":{"start":{"line":41,"column":18},"end":{"line":41,"column":55}},"26":{"start":{"line":42,"column":3},"end":{"line":42,"column":33}},"27":{"start":{"line":47,"column":20},"end":{"line":47,"column":57}},"28":{"start":{"line":48,"column":5},"end":{"line":48,"column":35}},"29":{"start":{"line":52,"column":0},"end":{"line":52,"column":22}}},"fnMap":{"0":{"name":"(anonymous_8)","decl":{"start":{"line":15,"column":53},"end":{"line":15,"column":59}},"loc":{"start":{"line":15,"column":88},"end":{"line":50,"column":2}}},"1":{"name":"(anonymous_9)","decl":{"start":{"line":15,"column":88},"end":{"line":15,"column":null}},"loc":{"start":{"line":15,"column":88},"end":{"line":50,"column":1}}},"2":{"name":"(anonymous_10)","decl":{"start":{"line":33,"column":66},"end":{"line":33,"column":67}},"loc":{"start":{"line":33,"column":80},"end":{"line":38,"column":4}}}},"branchMap":{"0":{"loc":{"start":{"line":20,"column":2},"end":{"line":43,"column":null}},"type":"if","locations":[{"start":{"line":20,"column":2},"end":{"line":43,"column":null}},{"start":{"line":20,"column":2},"end":{"line":43,"column":null}}]},"1":{"loc":{"start":{"line":22,"column":3},"end":{"line":25,"column":null}},"type":"if","locations":[{"start":{"line":22,"column":3},"end":{"line":25,"column":null}},{"start":{"line":22,"column":3},"end":{"line":25,"column":null}}]},"2":{"loc":{"start":{"line":34,"column":4},"end":{"line":34,"column":22}},"type":"if","locations":[{"start":{"line":34,"column":4},"end":{"line":34,"column":22}},{"start":{"line":34,"column":4},"end":{"line":34,"column":22}}]}},"s":{"0":4,"1":4,"2":4,"3":4,"4":4,"5":4,"6":4,"7":4,"8":4,"9":4,"10":3,"11":3,"12":3,"13":3,"14":3,"15":2,"16":2,"17":1,"18":1,"19":2,"20":2,"21":2,"22":0,"23":2,"24":2,"25":1,"26":1,"27":0,"28":0,"29":4},"f":{"0":3,"1":3,"2":2},"b":{"0":[2,1],"1":[1,1],"2":[0,2]}}
,"/Users/corinanimatujhuitz/Documents/capacitacion/contact-keeper/src/controllers/contact.controller.ts": {"path":"/Users/corinanimatujhuitz/Documents/capacitacion/contact-keeper/src/controllers/contact.controller.ts","statementMap":{"0":{"start":{"line":2,"column":0},"end":{"line":2,"column":50}},"1":{"start":{"line":3,"column":0},"end":{"line":3,"column":51}},"2":{"start":{"line":4,"column":0},"end":{"line":4,"column":55}},"3":{"start":{"line":5,"column":0},"end":{"line":5,"column":40}},"4":{"start":{"line":7,"column":16},"end":{"line":7,"column":24}},"5":{"start":{"line":9,"column":0},"end":{"line":21,"column":3}},"6":{"start":{"line":9,"column":64},"end":{"line":21,"column":2}},"7":{"start":{"line":10,"column":1},"end":{"line":20,"column":null}},"8":{"start":{"line":11,"column":19},"end":{"line":11,"column":76}},"9":{"start":{"line":12,"column":2},"end":{"line":15,"column":5}},"10":{"start":{"line":17,"column":4},"end":{"line":17,"column":21}},"11":{"start":{"line":18,"column":19},"end":{"line":18,"column":56}},"12":{"start":{"line":19,"column":4},"end":{"line":19,"column":34}},"13":{"start":{"line":23,"column":0},"end":{"line":51,"column":3}},"14":{"start":{"line":23,"column":65},"end":{"line":51,"column":2}},"15":{"start":{"line":24,"column":1},"end":{"line":50,"column":null}},"16":{"start":{"line":30,"column":6},"end":{"line":30,"column":14}},"17":{"start":{"line":32,"column":21},"end":{"line":38,"column":4}},"18":{"start":{"line":39,"column":18},"end":{"line":39,"column":41}},"19":{"start":{"line":40,"column":2},"end":{"line":44,"column":null}},"20":{"start":{"line":47,"column":4},"end":{"line":47,"column":21}},"21":{"start":{"line":48,"column":19},"end":{"line":48,"column":56}},"22":{"start":{"line":49,"column":4},"end":{"line":49,"column":34}},"23":{"start":{"line":53,"column":0},"end":{"line":92,"column":3}},"24":{"start":{"line":53,"column":64},"end":{"line":92,"column":2}},"25":{"start":{"line":54,"column":1},"end":{"line":91,"column":null}},"26":{"start":{"line":60,"column":5},"end":{"line":60,"column":13}},"27":{"start":{"line":61,"column":27},"end":{"line":61,"column":29}},"28":{"start":{"line":62,"column":2},"end":{"line":62,"column":37}},"29":{"start":{"line":62,"column":11},"end":{"line":62,"column":37}},"30":{"start":{"line":63,"column":2},"end":{"line":63,"column":40}},"31":{"start":{"line":63,"column":12},"end":{"line":63,"column":40}},"32":{"start":{"line":64,"column":2},"end":{"line":64,"column":40}},"33":{"start":{"line":64,"column":12},"end":{"line":64,"column":40}},"34":{"start":{"line":65,"column":2},"end":{"line":65,"column":37}},"35":{"start":{"line":65,"column":11},"end":{"line":65,"column":37}},"36":{"start":{"line":67,"column":16},"end":{"line":67,"column":52}},"37":{"start":{"line":68,"column":2},"end":{"line":71,"column":null}},"38":{"start":{"line":69,"column":18},"end":{"line":69,"column":55}},"39":{"start":{"line":70,"column":6},"end":{"line":70,"column":36}},"40":{"start":{"line":74,"column":4},"end":{"line":77,"column":null}},"41":{"start":{"line":75,"column":21},"end":{"line":75,"column":60}},"42":{"start":{"line":76,"column":6},"end":{"line":76,"column":36}},"43":{"start":{"line":78,"column":4},"end":{"line":82,"column":6}},"44":{"start":{"line":83,"column":4},"end":{"line":86,"column":7}},"45":{"start":{"line":88,"column":6},"end":{"line":88,"column":25}},"46":{"start":{"line":89,"column":19},"end":{"line":89,"column":56}},"47":{"start":{"line":90,"column":4},"end":{"line":90,"column":34}},"48":{"start":{"line":94,"column":0},"end":{"line":115,"column":3}},"49":{"start":{"line":94,"column":72},"end":{"line":115,"column":2}},"50":{"start":{"line":95,"column":2},"end":{"line":114,"column":null}},"51":{"start":{"line":96,"column":18},"end":{"line":96,"column":55}},"52":{"start":{"line":97,"column":4},"end":{"line":100,"column":null}},"53":{"start":{"line":98,"column":21},"end":{"line":98,"column":63}},"54":{"start":{"line":99,"column":6},"end":{"line":99,"column":36}},"55":{"start":{"line":102,"column":4},"end":{"line":105,"column":null}},"56":{"start":{"line":103,"column":21},"end":{"line":103,"column":60}},"57":{"start":{"line":104,"column":6},"end":{"line":104,"column":36}},"58":{"start":{"line":106,"column":4},"end":{"line":106,"column":51}},"59":{"start":{"line":107,"column":4},"end":{"line":110,"column":7}},"60":{"start":{"line":112,"column":19},"end":{"line":112,"column":56}},"61":{"start":{"line":113,"column":4},"end":{"line":113,"column":34}},"62":{"start":{"line":117,"column":0},"end":{"line":117,"column":22}}},"fnMap":{"0":{"name":"(anonymous_8)","decl":{"start":{"line":9,"column":28},"end":{"line":9,"column":34}},"loc":{"start":{"line":9,"column":64},"end":{"line":21,"column":2}}},"1":{"name":"(anonymous_9)","decl":{"start":{"line":9,"column":64},"end":{"line":9,"column":null}},"loc":{"start":{"line":9,"column":64},"end":{"line":21,"column":1}}},"2":{"name":"(anonymous_10)","decl":{"start":{"line":23,"column":29},"end":{"line":23,"column":35}},"loc":{"start":{"line":23,"column":65},"end":{"line":51,"column":2}}},"3":{"name":"(anonymous_11)","decl":{"start":{"line":23,"column":65},"end":{"line":23,"column":null}},"loc":{"start":{"line":23,"column":65},"end":{"line":51,"column":1}}},"4":{"name":"(anonymous_12)","decl":{"start":{"line":53,"column":28},"end":{"line":53,"column":34}},"loc":{"start":{"line":53,"column":64},"end":{"line":92,"column":2}}},"5":{"name":"(anonymous_13)","decl":{"start":{"line":53,"column":64},"end":{"line":53,"column":null}},"loc":{"start":{"line":53,"column":64},"end":{"line":92,"column":1}}},"6":{"name":"(anonymous_14)","decl":{"start":{"line":94,"column":34},"end":{"line":94,"column":41}},"loc":{"start":{"line":94,"column":72},"end":{"line":115,"column":2}}},"7":{"name":"(anonymous_15)","decl":{"start":{"line":94,"column":72},"end":{"line":94,"column":null}},"loc":{"start":{"line":94,"column":72},"end":{"line":115,"column":1}}}},"branchMap":{"0":{"loc":{"start":{"line":11,"column":53},"end":{"line":11,"column":55}},"type":"cond-expr","locations":[{"start":{"line":11,"column":53},"end":{"line":11,"column":55}},{"start":{"line":11,"column":53},"end":{"line":11,"column":57}}]},"1":{"loc":{"start":{"line":11,"column":43},"end":{"line":11,"column":55}},"type":"binary-expr","locations":[{"start":{"line":11,"column":43},"end":{"line":11,"column":55}},{"start":{"line":11,"column":53},"end":{"line":11,"column":55}}]},"2":{"loc":{"start":{"line":37,"column":17},"end":{"line":37,"column":19}},"type":"cond-expr","locations":[{"start":{"line":37,"column":17},"end":{"line":37,"column":19}},{"start":{"line":37,"column":17},"end":{"line":37,"column":21}}]},"3":{"loc":{"start":{"line":37,"column":7},"end":{"line":37,"column":19}},"type":"binary-expr","locations":[{"start":{"line":37,"column":7},"end":{"line":37,"column":19}},{"start":{"line":37,"column":17},"end":{"line":37,"column":19}}]},"4":{"loc":{"start":{"line":62,"column":2},"end":{"line":62,"column":37}},"type":"if","locations":[{"start":{"line":62,"column":2},"end":{"line":62,"column":37}},{"start":{"line":62,"column":2},"end":{"line":62,"column":37}}]},"5":{"loc":{"start":{"line":63,"column":2},"end":{"line":63,"column":40}},"type":"if","locations":[{"start":{"line":63,"column":2},"end":{"line":63,"column":40}},{"start":{"line":63,"column":2},"end":{"line":63,"column":40}}]},"6":{"loc":{"start":{"line":64,"column":2},"end":{"line":64,"column":40}},"type":"if","locations":[{"start":{"line":64,"column":2},"end":{"line":64,"column":40}},{"start":{"line":64,"column":2},"end":{"line":64,"column":40}}]},"7":{"loc":{"start":{"line":65,"column":2},"end":{"line":65,"column":37}},"type":"if","locations":[{"start":{"line":65,"column":2},"end":{"line":65,"column":37}},{"start":{"line":65,"column":2},"end":{"line":65,"column":37}}]},"8":{"loc":{"start":{"line":68,"column":2},"end":{"line":71,"column":null}},"type":"if","locations":[{"start":{"line":68,"column":2},"end":{"line":71,"column":null}},{"start":{"line":68,"column":2},"end":{"line":71,"column":null}}]},"9":{"loc":{"start":{"line":74,"column":4},"end":{"line":77,"column":null}},"type":"if","locations":[{"start":{"line":74,"column":4},"end":{"line":77,"column":null}},{"start":{"line":74,"column":4},"end":{"line":77,"column":null}}]},"10":{"loc":{"start":{"line":74,"column":15},"end":{"line":74,"column":17}},"type":"cond-expr","locations":[{"start":{"line":74,"column":15},"end":{"line":74,"column":17}},{"start":{"line":74,"column":8},"end":{"line":74,"column":37}}]},"11":{"loc":{"start":{"line":74,"column":8},"end":{"line":74,"column":17}},"type":"binary-expr","locations":[{"start":{"line":74,"column":8},"end":{"line":74,"column":17}},{"start":{"line":74,"column":8},"end":{"line":74,"column":17}}]},"12":{"loc":{"start":{"line":74,"column":45},"end":{"line":74,"column":47}},"type":"cond-expr","locations":[{"start":{"line":74,"column":45},"end":{"line":74,"column":47}},{"start":{"line":74,"column":45},"end":{"line":74,"column":49}}]},"13":{"loc":{"start":{"line":74,"column":30},"end":{"line":74,"column":47}},"type":"binary-expr","locations":[{"start":{"line":74,"column":30},"end":{"line":74,"column":47}},{"start":{"line":74,"column":45},"end":{"line":74,"column":47}}]},"14":{"loc":{"start":{"line":97,"column":4},"end":{"line":100,"column":null}},"type":"if","locations":[{"start":{"line":97,"column":4},"end":{"line":100,"column":null}},{"start":{"line":97,"column":4},"end":{"line":100,"column":null}}]},"15":{"loc":{"start":{"line":102,"column":4},"end":{"line":105,"column":null}},"type":"if","locations":[{"start":{"line":102,"column":4},"end":{"line":105,"column":null}},{"start":{"line":102,"column":4},"end":{"line":105,"column":null}}]},"16":{"loc":{"start":{"line":102,"column":15},"end":{"line":102,"column":17}},"type":"cond-expr","locations":[{"start":{"line":102,"column":15},"end":{"line":102,"column":17}},{"start":{"line":102,"column":8},"end":{"line":102,"column":37}}]},"17":{"loc":{"start":{"line":102,"column":8},"end":{"line":102,"column":17}},"type":"binary-expr","locations":[{"start":{"line":102,"column":8},"end":{"line":102,"column":17}},{"start":{"line":102,"column":8},"end":{"line":102,"column":17}}]},"18":{"loc":{"start":{"line":102,"column":45},"end":{"line":102,"column":47}},"type":"cond-expr","locations":[{"start":{"line":102,"column":45},"end":{"line":102,"column":47}},{"start":{"line":102,"column":45},"end":{"line":102,"column":49}}]},"19":{"loc":{"start":{"line":102,"column":30},"end":{"line":102,"column":47}},"type":"binary-expr","locations":[{"start":{"line":102,"column":30},"end":{"line":102,"column":47}},{"start":{"line":102,"column":45},"end":{"line":102,"column":47}}]}},"s":{"0":4,"1":4,"2":4,"3":4,"4":4,"5":4,"6":1,"7":1,"8":1,"9":1,"10":0,"11":0,"12":0,"13":4,"14":2,"15":2,"16":2,"17":2,"18":2,"19":1,"20":1,"21":1,"22":1,"23":4,"24":1,"25":1,"26":1,"27":1,"28":1,"29":1,"30":1,"31":1,"32":1,"33":0,"34":1,"35":0,"36":1,"37":1,"38":0,"39":0,"40":1,"41":0,"42":0,"43":1,"44":1,"45":0,"46":0,"47":0,"48":4,"49":1,"50":1,"51":1,"52":1,"53":0,"54":0,"55":1,"56":0,"57":0,"58":1,"59":1,"60":0,"61":0,"62":4},"f":{"0":1,"1":1,"2":2,"3":2,"4":1,"5":1,"6":1,"7":1},"b":{"0":[0,1],"1":[1,1],"2":[0,2],"3":[2,2],"4":[1,0],"5":[1,0],"6":[0,1],"7":[0,1],"8":[0,1],"9":[0,1],"10":[0,1],"11":[1,1],"12":[0,1],"13":[1,1],"14":[0,1],"15":[0,1],"16":[0,1],"17":[1,1],"18":[0,1],"19":[1,1]}}
,"/Users/corinanimatujhuitz/Documents/capacitacion/contact-keeper/src/controllers/health.controller.ts": {"path":"/Users/corinanimatujhuitz/Documents/capacitacion/contact-keeper/src/controllers/health.controller.ts","statementMap":{"0":{"start":{"line":1,"column":0},"end":{"line":1,"column":51}},"1":{"start":{"line":2,"column":0},"end":{"line":2,"column":28}},"2":{"start":{"line":4,"column":13},"end":{"line":4,"column":31}},"3":{"start":{"line":6,"column":15},"end":{"line":6,"column":31}},"4":{"start":{"line":8,"column":0},"end":{"line":15,"column":3}},"5":{"start":{"line":9,"column":1},"end":{"line":13,"column":4}},"6":{"start":{"line":18,"column":0},"end":{"line":18,"column":22}}},"fnMap":{"0":{"name":"(anonymous_1)","decl":{"start":{"line":8,"column":16},"end":{"line":8,"column":17}},"loc":{"start":{"line":8,"column":47},"end":{"line":15,"column":1}}}},"branchMap":{},"s":{"0":4,"1":4,"2":4,"3":4,"4":4,"5":1,"6":4},"f":{"0":1},"b":{}}
,"/Users/corinanimatujhuitz/Documents/capacitacion/contact-keeper/src/controllers/user.controller.ts": {"path":"/Users/corinanimatujhuitz/Documents/capacitacion/contact-keeper/src/controllers/user.controller.ts","statementMap":{"0":{"start":{"line":1,"column":0},"end":{"line":1,"column":52}},"1":{"start":{"line":2,"column":0},"end":{"line":2,"column":30}},"2":{"start":{"line":3,"column":0},"end":{"line":3,"column":31}},"3":{"start":{"line":4,"column":0},"end":{"line":4,"column":28}},"4":{"start":{"line":5,"column":0},"end":{"line":5,"column":34}},"5":{"start":{"line":6,"column":0},"end":{"line":6,"column":53}},"6":{"start":{"line":8,"column":15},"end":{"line":8,"column":23}},"7":{"start":{"line":11,"column":0},"end":{"line":11,"column":75}},"8":{"start":{"line":12,"column":0},"end":{"line":12,"column":58}},"9":{"start":{"line":14,"column":0},"end":{"line":54,"column":3}},"10":{"start":{"line":15,"column":40},"end":{"line":54,"column":2}},"11":{"start":{"line":17,"column":36},"end":{"line":17,"column":44}},"12":{"start":{"line":18,"column":2},"end":{"line":53,"column":null}},"13":{"start":{"line":19,"column":15},"end":{"line":19,"column":44}},"14":{"start":{"line":20,"column":4},"end":{"line":23,"column":null}},"15":{"start":{"line":21,"column":21},"end":{"line":21,"column":65}},"16":{"start":{"line":22,"column":6},"end":{"line":22,"column":36}},"17":{"start":{"line":24,"column":4},"end":{"line":28,"column":7}},"18":{"start":{"line":29,"column":17},"end":{"line":29,"column":41}},"19":{"start":{"line":30,"column":4},"end":{"line":30,"column":54}},"20":{"start":{"line":32,"column":4},"end":{"line":32,"column":22}},"21":{"start":{"line":34,"column":20},"end":{"line":38,"column":6}},"22":{"start":{"line":40,"column":4},"end":{"line":46,"column":7}},"23":{"start":{"line":41,"column":6},"end":{"line":41,"column":25}},"24":{"start":{"line":41,"column":15},"end":{"line":41,"column":25}},"25":{"start":{"line":42,"column":6},"end":{"line":45,"column":9}},"26":{"start":{"line":51,"column":19},"end":{"line":51,"column":56}},"27":{"start":{"line":52,"column":4},"end":{"line":52,"column":34}},"28":{"start":{"line":56,"column":0},"end":{"line":56,"column":22}}},"fnMap":{"0":{"name":"(anonymous_8)","decl":{"start":{"line":15,"column":2},"end":{"line":15,"column":9}},"loc":{"start":{"line":15,"column":40},"end":{"line":54,"column":2}}},"1":{"name":"(anonymous_9)","decl":{"start":{"line":15,"column":40},"end":{"line":15,"column":null}},"loc":{"start":{"line":15,"column":40},"end":{"line":54,"column":1}}},"2":{"name":"(anonymous_10)","decl":{"start":{"line":40,"column":71},"end":{"line":40,"column":72}},"loc":{"start":{"line":40,"column":86},"end":{"line":46,"column":5}}}},"branchMap":{"0":{"loc":{"start":{"line":20,"column":4},"end":{"line":23,"column":null}},"type":"if","locations":[{"start":{"line":20,"column":4},"end":{"line":23,"column":null}},{"start":{"line":20,"column":4},"end":{"line":23,"column":null}}]},"1":{"loc":{"start":{"line":41,"column":6},"end":{"line":41,"column":25}},"type":"if","locations":[{"start":{"line":41,"column":6},"end":{"line":41,"column":25}},{"start":{"line":41,"column":6},"end":{"line":41,"column":25}}]}},"s":{"0":4,"1":4,"2":4,"3":4,"4":4,"5":4,"6":4,"7":4,"8":4,"9":4,"10":4,"11":4,"12":4,"13":4,"14":4,"15":1,"16":1,"17":4,"18":4,"19":4,"20":4,"21":3,"22":3,"23":3,"24":0,"25":3,"26":1,"27":1,"28":4},"f":{"0":4,"1":4,"2":3},"b":{"0":[1,3],"1":[0,3]}}
,"/Users/corinanimatujhuitz/Documents/capacitacion/contact-keeper/src/middlewares/validator.ts": {"path":"/Users/corinanimatujhuitz/Documents/capacitacion/contact-keeper/src/middlewares/validator.ts","statementMap":{"0":{"start":{"line":2,"column":0},"end":{"line":2,"column":51}},"1":{"start":{"line":3,"column":0},"end":{"line":3,"column":51}},"2":{"start":{"line":5,"column":26},"end":{"line":15,"column":1}},"3":{"start":{"line":7,"column":15},"end":{"line":7,"column":36}},"4":{"start":{"line":8,"column":1},"end":{"line":10,"column":null}},"5":{"start":{"line":9,"column":2},"end":{"line":9,"column":16}},"6":{"start":{"line":12,"column":13},"end":{"line":12,"column":52}},"7":{"start":{"line":13,"column":1},"end":{"line":13,"column":28}},"8":{"start":{"line":17,"column":0},"end":{"line":17,"column":33}}},"fnMap":{"0":{"name":"(anonymous_0)","decl":{"start":{"line":5,"column":26},"end":{"line":5,"column":27}},"loc":{"start":{"line":5,"column":84},"end":{"line":15,"column":1}}}},"branchMap":{"0":{"loc":{"start":{"line":8,"column":1},"end":{"line":10,"column":null}},"type":"if","locations":[{"start":{"line":8,"column":1},"end":{"line":10,"column":null}},{"start":{"line":8,"column":1},"end":{"line":10,"column":null}}]}},"s":{"0":4,"1":4,"2":4,"3":8,"4":8,"5":7,"6":1,"7":1,"8":4},"f":{"0":8},"b":{"0":[7,1]}}
,"/Users/corinanimatujhuitz/Documents/capacitacion/contact-keeper/src/middlewares/auth/auth.midd.ts": {"path":"/Users/corinanimatujhuitz/Documents/capacitacion/contact-keeper/src/middlewares/auth/auth.midd.ts","statementMap":{"0":{"start":{"line":3,"column":0},"end":{"line":3,"column":54}},"1":{"start":{"line":4,"column":0},"end":{"line":4,"column":31}},"2":{"start":{"line":5,"column":0},"end":{"line":5,"column":28}},"3":{"start":{"line":7,"column":19},"end":{"line":25,"column":1}},"4":{"start":{"line":8,"column":15},"end":{"line":8,"column":46}},"5":{"start":{"line":9,"column":1},"end":{"line":13,"column":null}},"6":{"start":{"line":10,"column":17},"end":{"line":10,"column":71}},"7":{"start":{"line":11,"column":2},"end":{"line":11,"column":32}},"8":{"start":{"line":12,"column":2},"end":{"line":12,"column":9}},"9":{"start":{"line":15,"column":1},"end":{"line":24,"column":null}},"10":{"start":{"line":17,"column":23},"end":{"line":17,"column":66}},"11":{"start":{"line":18,"column":2},"end":{"line":18,"column":26}},"12":{"start":{"line":19,"column":2},"end":{"line":19,"column":9}},"13":{"start":{"line":21,"column":17},"end":{"line":21,"column":60}},"14":{"start":{"line":22,"column":2},"end":{"line":22,"column":32}},"15":{"start":{"line":23,"column":2},"end":{"line":23,"column":9}},"16":{"start":{"line":27,"column":0},"end":{"line":27,"column":26}}},"fnMap":{"0":{"name":"(anonymous_1)","decl":{"start":{"line":7,"column":19},"end":{"line":7,"column":20}},"loc":{"start":{"line":7,"column":71},"end":{"line":25,"column":1}}}},"branchMap":{"0":{"loc":{"start":{"line":9,"column":1},"end":{"line":13,"column":null}},"type":"if","locations":[{"start":{"line":9,"column":1},"end":{"line":13,"column":null}},{"start":{"line":9,"column":1},"end":{"line":13,"column":null}}]}},"s":{"0":4,"1":4,"2":4,"3":4,"4":5,"5":5,"6":0,"7":0,"8":0,"9":5,"10":5,"11":5,"12":5,"13":0,"14":0,"15":0,"16":4},"f":{"0":5},"b":{"0":[0,5]}}
,"/Users/corinanimatujhuitz/Documents/capacitacion/contact-keeper/src/middlewares/validators/auth/auth.validator.ts": {"path":"/Users/corinanimatujhuitz/Documents/capacitacion/contact-keeper/src/middlewares/validators/auth/auth.validator.ts","statementMap":{"0":{"start":{"line":1,"column":0},"end":{"line":1,"column":39}},"1":{"start":{"line":3,"column":20},"end":{"line":7,"column":2}},"2":{"start":{"line":9,"column":0},"end":{"line":9,"column":27}}},"fnMap":{},"branchMap":{},"s":{"0":4,"1":4,"2":4},"f":{},"b":{}}
,"/Users/corinanimatujhuitz/Documents/capacitacion/contact-keeper/src/models/contact.ts": {"path":"/Users/corinanimatujhuitz/Documents/capacitacion/contact-keeper/src/models/contact.ts","statementMap":{"0":{"start":{"line":1,"column":0},"end":{"line":1,"column":49}},"1":{"start":{"line":3,"column":22},"end":{"line":28,"column":2}},"2":{"start":{"line":40,"column":0},"end":{"line":40,"column":63}}},"fnMap":{},"branchMap":{},"s":{"0":4,"1":4,"2":4},"f":{},"b":{}}
,"/Users/corinanimatujhuitz/Documents/capacitacion/contact-keeper/src/models/user.ts": {"path":"/Users/corinanimatujhuitz/Documents/capacitacion/contact-keeper/src/models/user.ts","statementMap":{"0":{"start":{"line":1,"column":0},"end":{"line":1,"column":49}},"1":{"start":{"line":3,"column":19},"end":{"line":22,"column":2}},"2":{"start":{"line":32,"column":0},"end":{"line":32,"column":54}}},"fnMap":{},"branchMap":{},"s":{"0":4,"1":4,"2":4},"f":{},"b":{}}
}
