TN:
SF:src/app.ts
FNF:0
FNH:0
DA:1,4
DA:2,4
DA:3,4
DA:4,4
DA:5,4
DA:8,4
DA:9,4
DA:10,4
DA:11,4
DA:12,4
DA:13,4
DA:16,4
DA:18,4
LF:13
LH:13
BRF:0
BRH:0
end_of_record
TN:
SF:src/error.ts
FN:7,(anonymous_0)
FN:15,(anonymous_1)
FNF:2
FNH:2
FNDA:6,(anonymous_0)
FNDA:6,(anonymous_1)
DA:2,4
DA:5,4
DA:6,6
DA:8,6
DA:9,6
DA:10,6
DA:15,4
DA:20,6
DA:21,6
DA:22,6
LF:10
LH:10
BRDA:26,0,0,1
BRDA:26,0,1,5
BRF:2
BRH:2
end_of_record
TN:
SF:src/routes.ts
FN:7,(anonymous_1)
FNF:1
FNH:1
FNDA:4,(anonymous_1)
DA:2,4
DA:3,4
DA:4,4
DA:5,4
DA:7,4
DA:8,4
DA:9,4
DA:10,4
DA:11,4
DA:16,4
LF:10
LH:10
BRF:0
BRH:0
end_of_record
TN:
SF:src/controllers/auth.controller.ts
FN:15,(anonymous_8)
FN:15,(anonymous_9)
FN:33,(anonymous_10)
FNF:3
FNH:3
FNDA:3,(anonymous_8)
FNDA:3,(anonymous_9)
FNDA:2,(anonymous_10)
DA:1,4
DA:2,4
DA:3,4
DA:6,4
DA:7,4
DA:9,4
DA:10,4
DA:11,4
DA:13,4
DA:15,4
DA:16,3
DA:17,3
DA:19,3
DA:20,3
DA:21,2
DA:22,2
DA:23,1
DA:24,1
DA:27,2
DA:33,2
DA:34,2
DA:35,2
DA:36,2
DA:41,1
DA:42,1
DA:47,0
DA:48,0
DA:52,4
LF:28
LH:26
BRDA:20,0,0,2
BRDA:20,0,1,1
BRDA:22,1,0,1
BRDA:22,1,1,1
BRDA:34,2,0,0
BRDA:34,2,1,2
BRF:6
BRH:5
end_of_record
TN:
SF:src/controllers/contact.controller.ts
FN:9,(anonymous_8)
FN:9,(anonymous_9)
FN:23,(anonymous_10)
FN:23,(anonymous_11)
FN:53,(anonymous_12)
FN:53,(anonymous_13)
FN:94,(anonymous_14)
FN:94,(anonymous_15)
FNF:8
FNH:8
FNDA:1,(anonymous_8)
FNDA:1,(anonymous_9)
FNDA:2,(anonymous_10)
FNDA:2,(anonymous_11)
FNDA:1,(anonymous_12)
FNDA:1,(anonymous_13)
FNDA:1,(anonymous_14)
FNDA:1,(anonymous_15)
DA:2,4
DA:3,4
DA:4,4
DA:5,4
DA:7,4
DA:9,4
DA:10,1
DA:11,1
DA:12,1
DA:17,0
DA:18,0
DA:19,0
DA:23,4
DA:24,2
DA:30,2
DA:32,2
DA:39,2
DA:40,1
DA:47,1
DA:48,1
DA:49,1
DA:53,4
DA:54,1
DA:60,1
DA:61,1
DA:62,1
DA:63,1
DA:64,1
DA:65,1
DA:67,1
DA:68,1
DA:69,0
DA:70,0
DA:74,1
DA:75,0
DA:76,0
DA:78,1
DA:83,1
DA:88,0
DA:89,0
DA:90,0
DA:94,4
DA:95,1
DA:96,1
DA:97,1
DA:98,0
DA:99,0
DA:102,1
DA:103,0
DA:104,0
DA:106,1
DA:107,1
DA:112,0
DA:113,0
DA:117,4
LF:55
LH:39
BRDA:11,0,0,0
BRDA:11,0,1,1
BRDA:11,1,0,1
BRDA:11,1,1,1
BRDA:37,2,0,0
BRDA:37,2,1,2
BRDA:37,3,0,2
BRDA:37,3,1,2
BRDA:62,4,0,1
BRDA:62,4,1,0
BRDA:63,5,0,1
BRDA:63,5,1,0
BRDA:64,6,0,0
BRDA:64,6,1,1
BRDA:65,7,0,0
BRDA:65,7,1,1
BRDA:68,8,0,0
BRDA:68,8,1,1
BRDA:74,9,0,0
BRDA:74,9,1,1
BRDA:74,10,0,0
BRDA:74,10,1,1
BRDA:74,11,0,1
BRDA:74,11,1,1
BRDA:74,12,0,0
BRDA:74,12,1,1
BRDA:74,13,0,1
BRDA:74,13,1,1
BRDA:97,14,0,0
BRDA:97,14,1,1
BRDA:102,15,0,0
BRDA:102,15,1,1
BRDA:102,16,0,0
BRDA:102,16,1,1
BRDA:102,17,0,1
BRDA:102,17,1,1
BRDA:102,18,0,0
BRDA:102,18,1,1
BRDA:102,19,0,1
BRDA:102,19,1,1
BRF:40
BRH:26
end_of_record
TN:
SF:src/controllers/health.controller.ts
FN:8,(anonymous_1)
FNF:1
FNH:1
FNDA:1,(anonymous_1)
DA:1,4
DA:2,4
DA:4,4
DA:6,4
DA:8,4
DA:9,1
DA:18,4
LF:7
LH:7
BRF:0
BRH:0
end_of_record
TN:
SF:src/controllers/user.controller.ts
FN:15,(anonymous_8)
FN:15,(anonymous_9)
FN:40,(anonymous_10)
FNF:3
FNH:3
FNDA:4,(anonymous_8)
FNDA:4,(anonymous_9)
FNDA:3,(anonymous_10)
DA:1,4
DA:2,4
DA:3,4
DA:4,4
DA:5,4
DA:6,4
DA:8,4
DA:11,4
DA:12,4
DA:14,4
DA:15,4
DA:17,4
DA:18,4
DA:19,4
DA:20,4
DA:21,1
DA:22,1
DA:24,4
DA:29,4
DA:30,4
DA:32,4
DA:34,3
DA:40,3
DA:41,3
DA:42,3
DA:51,1
DA:52,1
DA:56,4
LF:28
LH:28
BRDA:20,0,0,1
BRDA:20,0,1,3
BRDA:41,1,0,0
BRDA:41,1,1,3
BRF:4
BRH:3
end_of_record
TN:
SF:src/middlewares/validator.ts
FN:5,(anonymous_0)
FNF:1
FNH:1
FNDA:8,(anonymous_0)
DA:2,4
DA:3,4
DA:5,4
DA:7,8
DA:8,8
DA:9,7
DA:12,1
DA:13,1
DA:17,4
LF:9
LH:9
BRDA:8,0,0,7
BRDA:8,0,1,1
BRF:2
BRH:2
end_of_record
TN:
SF:src/middlewares/auth/auth.midd.ts
FN:7,(anonymous_1)
FNF:1
FNH:1
FNDA:5,(anonymous_1)
DA:3,4
DA:4,4
DA:5,4
DA:7,4
DA:8,5
DA:9,5
DA:10,0
DA:11,0
DA:12,0
DA:15,5
DA:17,5
DA:18,5
DA:19,5
DA:21,0
DA:22,0
DA:23,0
DA:27,4
LF:17
LH:11
BRDA:9,0,0,0
BRDA:9,0,1,5
BRF:2
BRH:1
end_of_record
TN:
SF:src/middlewares/validators/auth/auth.validator.ts
FNF:0
FNH:0
DA:1,4
DA:3,4
DA:9,4
LF:3
LH:3
BRF:0
BRH:0
end_of_record
TN:
SF:src/models/contact.ts
FNF:0
FNH:0
DA:1,4
DA:3,4
DA:40,4
LF:3
LH:3
BRF:0
BRH:0
end_of_record
TN:
SF:src/models/user.ts
FNF:0
FNH:0
DA:1,4
DA:3,4
DA:32,4
LF:3
LH:3
BRF:0
BRH:0
end_of_record
